<?xml version="1.0" encoding="UTF-8"?>
<!-- Generated by org.testng.reporters.JUnitReportReporter -->
<testsuite hostname="DESKTOP-EVQ8K7V" failures="0" tests="1" name="DeschidemAltaPagina" time="22.219" errors="0" timestamp="2024-11-16T16:51:06 EET" skipped="0">
  <testcase classname="DeschidemAltaPagina" name="methodOne" time="22.219"/>
</testsuite> <!-- DeschidemAltaPagina -->
