<?xml version="1.0" encoding="UTF-8"?>
<!-- Generated by org.testng.reporters.JUnitReportReporter -->
<testsuite hostname="DESKTOP-EVQ8K7V" failures="0" tests="1" name="temapentruacasa.CreateAccountMagenta" time="27.624" errors="0" timestamp="2024-11-21T19:17:55 EET" skipped="0">
  <testcase classname="temapentruacasa.CreateAccountMagenta" name="methodOne" time="27.624"/>
</testsuite> <!-- temapentruacasa.CreateAccountMagenta -->
