<?xml version="1.0" encoding="UTF-8"?>
<!-- Generated by org.testng.reporters.JUnitReportReporter -->
<testsuite hostname="DESKTOP-EVQ8K7V" failures="0" tests="1" name="practica.E2ETest" time="39.627" errors="0" timestamp="2024-11-22T07:45:10 EET" skipped="0">
  <testcase classname="practica.E2ETest" name="methodOne" time="39.627"/>
</testsuite> <!-- practica.E2ETest -->
