<?xml version="1.0" encoding="UTF-8"?>
<!-- Generated by org.testng.reporters.JUnitReportReporter -->
<testsuite hostname="DESKTOP-EVQ8K7V" failures="0" tests="1" name="TestOne" time="16.230" errors="0" timestamp="2024-11-16T14:37:34 EET" skipped="0">
  <testcase classname="TestOne" name="methodOne" time="16.230"/>
</testsuite> <!-- TestOne -->
