<?xml version="1.0" encoding="UTF-8"?>
<!-- Generated by org.testng.reporters.JUnitReportReporter -->
<testsuite hostname="DESKTOP-EVQ8K7V" failures="0" tests="1" name="practica.PasareaComenziiPractica" time="43.142" errors="0" timestamp="2024-11-21T20:11:44 EET" skipped="0">
  <testcase classname="practica.PasareaComenziiPractica" name="methodOne" time="43.142"/>
</testsuite> <!-- practica.PasareaComenziiPractica -->
