<?xml version="1.0" encoding="UTF-8"?>
<!-- Generated by org.testng.reporters.JUnitReportReporter -->
<testsuite hostname="DESKTOP-EVQ8K7V" failures="0" tests="1" name="LinkulClipeste" time="12.857" errors="0" timestamp="2024-11-21T14:56:41 EET" skipped="0">
  <testcase classname="LinkulClipeste" name="methodOne" time="12.857"/>
</testsuite> <!-- LinkulClipeste -->
