<?xml version="1.0" encoding="UTF-8"?>
<!-- Generated by org.testng.reporters.JUnitReportReporter -->
<testsuite hostname="DESKTOP-EVQ8K7V" failures="0" tests="1" name="TestTwo" time="30.370" errors="0" timestamp="2024-11-16T15:21:06 EET" skipped="0">
  <testcase classname="TestTwo" name="methodOne" time="30.370"/>
</testsuite> <!-- TestTwo -->
