<?xml version="1.0" encoding="UTF-8"?>
<!-- Generated by org.testng.reporters.JUnitReportReporter -->
<testsuite hostname="DESKTOP-EVQ8K7V" failures="0" tests="1" name="practica.one" time="36.166" errors="0" timestamp="2024-11-17T12:00:29 EET" skipped="0">
  <testcase classname="practica.one" name="methodOne" time="36.166"/>
</testsuite> <!-- practica.one -->
