<?xml version="1.0" encoding="UTF-8"?>
<!-- Generated by org.testng.reporters.JUnitReportReporter -->
<testsuite hostname="DESKTOP-EVQ8K7V" failures="0" tests="1" name="OrangeHRM" time="40.084" errors="0" timestamp="2024-11-16T14:35:31 EET" skipped="0">
  <testcase classname="OrangeHRM" name="methoOne" time="40.084"/>
</testsuite> <!-- OrangeHRM -->
