<?xml version="1.0" encoding="UTF-8"?>
<!-- Generated by org.testng.reporters.JUnitReportReporter -->
<testsuite hostname="DESKTOP-EVQ8K7V" failures="0" tests="1" name="ExtragereaTextului" time="24.179" errors="0" timestamp="2024-11-16T17:13:41 EET" skipped="0">
  <testcase classname="ExtragereaTextului" name="methodOne" time="24.179"/>
</testsuite> <!-- ExtragereaTextului -->
